2023-05-17 17:38:30,857 =============================================================
2023-05-17 17:38:30,857 =============================================================
2023-05-17 17:38:30,859 Today is 2023-05-17 at 05:38 PM
2023-05-17 17:38:30,883 This file is running on: nt Windows 10
2023-05-17 17:38:30,883 The Python version is: 3.11.3
2023-05-17 17:38:30,883 The active conda environment is:  None
2023-05-17 17:38:30,883 The active pip environment is:    None
2023-05-17 17:38:30,883 The active environment path is:   C:\Users\desir\AppData\Local\Programs\Python\Python311
2023-05-17 17:38:30,883 The current working directory is: C:\Users\desir\OneDrive\Documents\datafun-02-functions\datafun-02-functions
2023-05-17 17:38:30,884 This source file is in:           c:\Users\desir\OneDrive\Documents\datafun-02-functions\datafun-02-functions
2023-05-17 17:38:30,884 =============================================================
2023-05-17 17:38:30,884 =============================================================
2023-05-17 17:38:30,884 Created: NumericSeries with name=Quiz Scores Module 1, units=pts, and 6 data points: [9, 9, 10, 9, 7, 10]
2023-05-17 17:38:30,884 Created: NumericSeries with name=Quiz Scores Module 2, units=pts, and 8 data points: [8, 10, 8, 10, 8, 10, 10, 10]
2023-05-17 17:38:30,884 Created: NumericSeries with name=Quiz Scores Module 3, units=pts, and 4 data points: [7, 8, 9, 10]
2023-05-17 17:38:30,884 NumericSeries with name=Quiz Scores Module 1, units=pts, and 6 data points: [9, 9, 10, 9, 7, 10]
2023-05-17 17:38:30,884 Count: 6
2023-05-17 17:38:30,884 Sum: 54
2023-05-17 17:38:30,884 Mean: 9.0
2023-05-17 17:38:30,884 Median: 9.0
2023-05-17 17:38:30,884 ------------------
2023-05-17 17:38:30,884 NumericSeries with name=Quiz Scores Module 2, units=pts, and 8 data points: [8, 10, 8, 10, 8, 10, 10, 10]
2023-05-17 17:38:30,884 Count: 8
2023-05-17 17:38:30,884 Sum: 74
2023-05-17 17:38:30,884 Mean: 9.25
2023-05-17 17:38:30,884 Median: 10.0
2023-05-17 17:38:30,884 ------------------
2023-05-17 17:38:30,884 NumericSeries with name=Quiz Scores Module 3, units=pts, and 4 data points: [7, 8, 9, 10]
2023-05-17 17:38:30,884 Count: 4
2023-05-17 17:38:30,884 Sum: 34
2023-05-17 17:38:30,884 Mean: 8.5
2023-05-17 17:38:30,884 Median: 8.5
2023-05-17 17:38:30,884 ------------------
